This is pdfTeX, Version 3.14159265-2.6-1.40.16 (TeX Live 2015/Debian) (preloaded format=latex 2016.9.6)  7 SEP 2016 17:27
entering extended mode
 restricted \write18 enabled.
 %&-line parsing enabled.
**Suites.1.tex
(./Suites.1.tex
LaTeX2e <2016/02/01>
Babel <3.9q> and hyphenation patterns for 81 language(s) loaded.
! Undefined control sequence.
l.1 \chapter
            {Suites, raisonnement par récurrence.}% suites adjacentes}
? x
 
Here is how much of TeX's memory you used:
 5 strings out of 493030
 138 string characters out of 6136261
 53070 words of memory out of 5000000
 3641 multiletter control sequences out of 15000+600000
 3640 words of font info for 14 fonts, out of 8000000 for 9000
 1141 hyphenation exceptions out of 8191
 5i,0n,1p,83b,8s stack positions out of 5000i,500n,10000p,200000b,80000s
No pages of output.
