This is pdfeTeX, Version 3.141592-1.21a-2.2 (Web2C 7.5.4) (format=pdflatex 2007.1.22)  2 OCT 2007 18:06
entering extended mode
**\nonstopmode\input{activite_meth_euler.tex}
(./activite_meth_euler.tex (/usr/share/texmf-tetex/tex/latex/base/article.cls
Document Class: article 2004/02/16 v1.4f Standard LaTeX document class
(/usr/share/texmf-tetex/tex/latex/base/size10.clo
File: size10.clo 2004/02/16 v1.4f Standard LaTeX file (size option)
)
\c@part=\count79
\c@section=\count80
\c@subsection=\count81
\c@subsubsection=\count82
\c@paragraph=\count83
\c@subparagraph=\count84
\c@figure=\count85
\c@table=\count86
\abovecaptionskip=\skip41
\belowcaptionskip=\skip42
\bibindent=\dimen102
)
(/home/pan/texmf/tex/latex/panpan/pan/pan_pan.sty
(/usr/share/texmf-tetex/tex/latex/base/fontenc.sty
Package: fontenc 2004/02/22 v1.99f Standard LaTeX package

(/usr/share/texmf-tetex/tex/latex/base/t1enc.def
File: t1enc.def 2004/02/22 v1.99f Standard LaTeX file
LaTeX Font Info:    Redeclaring font encoding T1 on input line 43.
))
(/usr/share/texmf-tetex/tex/latex/base/inputenc.sty
Package: inputenc 2004/02/05 v1.0d Input encoding file

(/usr/share/texmf-tetex/tex/latex/base/latin1.def
File: latin1.def 2004/02/05 v1.0d Input encoding file
))
(/usr/share/texmf-tetex/tex/generic/babel/babel.sty
Package: babel 2004/11/20 v3.8d The Babel package

(/usr/share/texmf-tetex/tex/generic/babel/frenchb.ldf
Language: french 2004/04/02 v1.6f French support from the babel system

(/usr/share/texmf-tetex/tex/generic/babel/babel.def
File: babel.def 2004/11/20 v3.8d Babel common definitions
\babel@savecnt=\count87
\U@D=\dimen103
)
Package babel Info: Making : an active character on input line 219.
Package babel Info: Making ; an active character on input line 220.
Package babel Info: Making ! an active character on input line 221.
Package babel Info: Making ? an active character on input line 222.
\parindentFFN=\dimen104
\std@mcc=\count88
\dec@mcc=\count89

*************************************
* Local config file frenchb.cfg used
*
(/usr/share/texmf-tetex/tex/generic/babel/frenchb.cfg)))
(/usr/share/texmf-tetex/tex/latex/tools/verbatim.sty
Package: verbatim 2003/08/22 v1.5q LaTeX2e package for verbatim enhancements
\every@verbatim=\toks14
\verbatim@line=\toks15
\verbatim@in@stream=\read1
)
(/usr/share/texmf-tetex/tex/latex/base/ifthen.sty
Package: ifthen 2001/05/26 v1.1c Standard LaTeX ifthen package (DPC)
)
(/usr/share/texmf-tetex/tex/latex/base/textcomp.sty
Package: textcomp 2004/02/22 v1.99f Standard LaTeX package
Package textcomp Info: Sub-encoding information:
(textcomp)               5 = only ISO-Adobe without \textcurrency
(textcomp)               4 = 5 + \texteuro
(textcomp)               3 = 4 + \textohm
(textcomp)               2 = 3 + \textestimated + \textcurrency
(textcomp)               1 = TS1 - \textcircled - \t
(textcomp)               0 = TS1 (full)
(textcomp)             Font families with sub-encoding setting implement
(textcomp)             only a restricted character set as indicated.
(textcomp)             Family '?' is the default used for unknown fonts.
(textcomp)             See the documentation for details.
Package textcomp Info: Setting ? sub-encoding to TS1/1 on input line 71.

(/usr/share/texmf-tetex/tex/latex/base/ts1enc.def
File: ts1enc.def 2001/06/05 v3.0e (jk/car/fm) Standard LaTeX file
)
LaTeX Info: Redefining \oldstylenums on input line 266.
Package textcomp Info: Setting cmr sub-encoding to TS1/0 on input line 281.
Package textcomp Info: Setting cmss sub-encoding to TS1/0 on input line 282.
Package textcomp Info: Setting cmtt sub-encoding to TS1/0 on input line 283.
Package textcomp Info: Setting cmvtt sub-encoding to TS1/0 on input line 284.
Package textcomp Info: Setting cmbr sub-encoding to TS1/0 on input line 285.
Package textcomp Info: Setting cmtl sub-encoding to TS1/0 on input line 286.
Package textcomp Info: Setting ccr sub-encoding to TS1/0 on input line 287.
Package textcomp Info: Setting ptm sub-encoding to TS1/4 on input line 288.
Package textcomp Info: Setting pcr sub-encoding to TS1/4 on input line 289.
Package textcomp Info: Setting phv sub-encoding to TS1/4 on input line 290.
Package textcomp Info: Setting ppl sub-encoding to TS1/3 on input line 291.
Package textcomp Info: Setting pag sub-encoding to TS1/4 on input line 292.
Package textcomp Info: Setting pbk sub-encoding to TS1/4 on input line 293.
Package textcomp Info: Setting pnc sub-encoding to TS1/4 on input line 294.
Package textcomp Info: Setting pzc sub-encoding to TS1/4 on input line 295.
Package textcomp Info: Setting bch sub-encoding to TS1/4 on input line 296.
Package textcomp Info: Setting put sub-encoding to TS1/5 on input line 297.
Package textcomp Info: Setting uag sub-encoding to TS1/5 on input line 298.
Package textcomp Info: Setting ugq sub-encoding to TS1/5 on input line 299.
Package textcomp Info: Setting ul8 sub-encoding to TS1/4 on input line 300.
Package textcomp Info: Setting ul9 sub-encoding to TS1/4 on input line 301.
Package textcomp Info: Setting augie sub-encoding to TS1/5 on input line 302.
Package textcomp Info: Setting dayrom sub-encoding to TS1/3 on input line 303.
Package textcomp Info: Setting dayroms sub-encoding to TS1/3 on input line 304.

Package textcomp Info: Setting pxr sub-encoding to TS1/0 on input line 305.
Package textcomp Info: Setting pxss sub-encoding to TS1/0 on input line 306.
Package textcomp Info: Setting pxtt sub-encoding to TS1/0 on input line 307.
Package textcomp Info: Setting txr sub-encoding to TS1/0 on input line 308.
Package textcomp Info: Setting txss sub-encoding to TS1/0 on input line 309.
Package textcomp Info: Setting txtt sub-encoding to TS1/0 on input line 310.
Package textcomp Info: Setting futs sub-encoding to TS1/4 on input line 311.
Package textcomp Info: Setting futx sub-encoding to TS1/4 on input line 312.
Package textcomp Info: Setting futj sub-encoding to TS1/4 on input line 313.
Package textcomp Info: Setting hlh sub-encoding to TS1/3 on input line 314.
Package textcomp Info: Setting hls sub-encoding to TS1/3 on input line 315.
Package textcomp Info: Setting hlst sub-encoding to TS1/3 on input line 316.
Package textcomp Info: Setting hlct sub-encoding to TS1/5 on input line 317.
Package textcomp Info: Setting hlx sub-encoding to TS1/5 on input line 318.
Package textcomp Info: Setting hlce sub-encoding to TS1/5 on input line 319.
Package textcomp Info: Setting hlcn sub-encoding to TS1/5 on input line 320.
Package textcomp Info: Setting hlcw sub-encoding to TS1/5 on input line 321.
Package textcomp Info: Setting hlcf sub-encoding to TS1/5 on input line 322.
Package textcomp Info: Setting pplx sub-encoding to TS1/3 on input line 323.
Package textcomp Info: Setting pplj sub-encoding to TS1/3 on input line 324.
Package textcomp Info: Setting ptmx sub-encoding to TS1/4 on input line 325.
Package textcomp Info: Setting ptmj sub-encoding to TS1/4 on input line 326.
)
(/usr/share/texmf-tetex/tex/latex/graphics/graphicx.sty
Package: graphicx 1999/02/16 v1.0f Enhanced LaTeX Graphics (DPC,SPQR)

(/usr/share/texmf-tetex/tex/latex/graphics/keyval.sty
Package: keyval 1999/03/16 v1.13 key=value parser (DPC)
\KV@toks@=\toks16
)
(/usr/share/texmf-tetex/tex/latex/graphics/graphics.sty
Package: graphics 2001/07/07 v1.0n Standard LaTeX Graphics (DPC,SPQR)

(/usr/share/texmf-tetex/tex/latex/graphics/trig.sty
Package: trig 1999/03/16 v1.09 sin cos tan (DPC)
)
(/usr/share/texmf-tetex/tex/latex/graphics/graphics.cfg
File: graphics.cfg 2005/02/03 v1.3 graphics configuration of teTeX/TeXLive
)
Package graphics Info: Driver file: pdftex.def on input line 80.

(/usr/share/texmf-tetex/tex/latex/graphics/pdftex.def
File: pdftex.def 2002/06/19 v0.03k graphics/color for pdftex
\Gread@gobject=\count90
))
\Gin@req@height=\dimen105
\Gin@req@width=\dimen106
)
(/usr/share/texmf-tetex/tex/latex/psfrag/psfrag.sty
Package: psfrag 1998/04/11 v3.04 PSfrag (MCG)
\pfg@pcount=\count91
\pfg@scount=\count92
\pfg@temp=\write3
)
(/usr/share/texmf-tetex/tex/latex/graphics/epsfig.sty
Package: epsfig 1999/02/16 v1.7a (e)psfig emulation (SPQR)
\epsfxsize=\dimen107
\epsfysize=\dimen108
)
(/usr/share/texmf-tetex/tex/latex/tools/calc.sty
Package: calc 1998/07/07 v4.1b Infix arithmetic (KKT,FJ)
\calc@Acount=\count93
\calc@Bcount=\count94
\calc@Adimen=\dimen109
\calc@Bdimen=\dimen110
\calc@Askip=\skip43
\calc@Bskip=\skip44
LaTeX Info: Redefining \setlength on input line 59.
LaTeX Info: Redefining \addtolength on input line 60.
\calc@denominator=\count95
)
(/home/pan/texmf/tex/latex/tarass/slashbox.sty
slashbox style by K.Yasuoka, May 1993.
\@slashboxa=\box26
\@slashboxb=\box27
\@slashboxc=\box28
\@slashboxwd=\count96
\@slashboxht=\count97
\@slashsepl=\dimen111
\@slashsepr=\dimen112
) (/usr/share/texmf-tetex/tex/latex/multirow/multirow.sty
\bigstrutjot=\dimen113
)
(/usr/share/texmf-tetex/tex/latex/tools/tabularx.sty
Package: tabularx 1999/01/07 v2.07 `tabularx' package (DPC)

(/usr/share/texmf-tetex/tex/latex/tools/array.sty
Package: array 2003/12/17 v2.4a Tabular extension package (FMi)
\col@sep=\dimen114
\extrarowheight=\dimen115
\NC@list=\toks17
\extratabsurround=\skip45
\backup@length=\skip46
)
\TX@col@width=\dimen116
\TX@old@table=\dimen117
\TX@old@col=\dimen118
\TX@target=\dimen119
\TX@delta=\dimen120
\TX@cols=\count98
\TX@ftn=\toks18
)
(/usr/share/texmf-tetex/tex/latex/tools/multicol.sty
Package: multicol 2004/02/14 v1.6e multicolumn formatting (FMi)
\c@tracingmulticols=\count99
\mult@box=\box29
\multicol@leftmargin=\dimen121
\c@unbalance=\count100
\c@collectmore=\count101
\doublecol@number=\count102
\multicoltolerance=\count103
\multicolpretolerance=\count104
\full@width=\dimen122
\page@free=\dimen123
\premulticols=\dimen124
\postmulticols=\dimen125
\multicolsep=\skip47
\multicolbaselineskip=\skip48
\partial@page=\box30
\last@line=\box31
\mult@rightbox=\box32
\mult@grightbox=\box33
\mult@gfirstbox=\box34
\mult@firstbox=\box35
\@tempa=\box36
\@tempa=\box37
\@tempa=\box38
\@tempa=\box39
\@tempa=\box40
\@tempa=\box41
\@tempa=\box42
\@tempa=\box43
\@tempa=\box44
\@tempa=\box45
\@tempa=\box46
\@tempa=\box47
\@tempa=\box48
\@tempa=\box49
\@tempa=\box50
\@tempa=\box51
\@tempa=\box52
\c@columnbadness=\count105
\c@finalcolumnbadness=\count106
\last@try=\dimen126
\multicolovershoot=\dimen127
\multicolundershoot=\dimen128
\mult@nat@firstbox=\box53
\colbreak@box=\box54
)
(/usr/share/texmf-tetex/tex/latex/amsmath/amsmath.sty
Package: amsmath 2000/07/18 v2.13 AMS math features
\@mathmargin=\skip49

For additional information on amsmath, use the `?' option.
(/usr/share/texmf-tetex/tex/latex/amsmath/amstext.sty
Package: amstext 2000/06/29 v2.01

(/usr/share/texmf-tetex/tex/latex/amsmath/amsgen.sty
File: amsgen.sty 1999/11/30 v2.0
\@emptytoks=\toks19
\ex@=\dimen129
))
(/usr/share/texmf-tetex/tex/latex/amsmath/amsbsy.sty
Package: amsbsy 1999/11/29 v1.2d
\pmbraise@=\dimen130
)
(/usr/share/texmf-tetex/tex/latex/amsmath/amsopn.sty
Package: amsopn 1999/12/14 v2.01 operator names
)
\inf@bad=\count107
LaTeX Info: Redefining \frac on input line 211.
\uproot@=\count108
\leftroot@=\count109
LaTeX Info: Redefining \overline on input line 307.
\classnum@=\count110
\DOTSCASE@=\count111
LaTeX Info: Redefining \ldots on input line 379.
LaTeX Info: Redefining \dots on input line 382.
LaTeX Info: Redefining \cdots on input line 467.
\Mathstrutbox@=\box55
\strutbox@=\box56
\big@size=\dimen131
LaTeX Font Info:    Redeclaring font encoding OML on input line 567.
LaTeX Font Info:    Redeclaring font encoding OMS on input line 568.
\macc@depth=\count112
\c@MaxMatrixCols=\count113
\dotsspace@=\muskip10
\c@parentequation=\count114
\dspbrk@lvl=\count115
\tag@help=\toks20
\row@=\count116
\column@=\count117
\maxfields@=\count118
\andhelp@=\toks21
\eqnshift@=\dimen132
\alignsep@=\dimen133
\tagshift@=\dimen134
\tagwidth@=\dimen135
\totwidth@=\dimen136
\lineht@=\dimen137
\@envbody=\toks22
\multlinegap=\skip50
\multlinetaggap=\skip51
\mathdisplay@stack=\toks23
LaTeX Info: Redefining \[ on input line 2666.
LaTeX Info: Redefining \] on input line 2667.
)
(/usr/share/texmf-tetex/tex/latex/amsfonts/amsfonts.sty
Package: amsfonts 2001/10/25 v2.2f
\symAMSa=\mathgroup4
\symAMSb=\mathgroup5
LaTeX Font Info:    Overwriting math alphabet `\mathfrak' in version `bold'
(Font)                  U/euf/m/n --> U/euf/b/n on input line 132.
)
(/usr/share/texmf-tetex/tex/latex/jknappen/mathrsfs.sty
Package: mathrsfs 1996/01/01 Math RSFS package v1.0 (jk)
\symrsfs=\mathgroup6
)
(/usr/share/texmf-tetex/tex/latex/amsfonts/amssymb.sty
Package: amssymb 2002/01/22 v2.2d
)
(/usr/share/texmf-tetex/tex/latex/amscls/amsthm.sty
Package: amsthm 2004/08/06 v2.20
\thm@style=\toks24
\thm@bodyfont=\toks25
\thm@headfont=\toks26
\thm@notefont=\toks27
\thm@headpunct=\toks28
\thm@preskip=\skip52
\thm@postskip=\skip53
\thm@headsep=\skip54
\dth@everypar=\toks29
)
(/usr/share/texmf-tetex/tex/latex/eurosym/eurosym.sty
Package: eurosym 1998/08/06 v1.1 European currency symbol ``Euro''
\@eurobox=\box57
)
(/home/pan/texmf/tex/latex/pstricks/pstricks.sty
Package: pstricks 2005/10/07 v0.25 LaTeX wrapper for `PSTricks' (RN,HV)

(/home/pan/texmf/tex/generic/pstricks/pstricks.tex
`PSTricks' v1.12  <2005/10/25> (tvz)
\pst@dima=\dimen138
\pst@dimb=\dimen139
\pst@dimc=\dimen140
\pst@dimd=\dimen141
\pst@dimg=\dimen142
\pst@dimh=\dimen143
\pst@hbox=\box58
\pst@boxg=\box59
\pst@cnta=\count119
\pst@cntb=\count120
\pst@cntc=\count121
\pst@cntd=\count122
\pst@cntg=\count123
\pst@cnth=\count124
\pst@toks=\toks30
(/home/pan/texmf/tex/generic/pstricks/pstricks.con)
\psunit=\dimen144
\psxunit=\dimen145
\psyunit=\dimen146
\pslinewidth=\dimen147
\pst@customdefs=\toks31
\pslinearc=\dimen148
\everypsbox=\toks32
\psframesep=\dimen149
\pslabelsep=\dimen150
\psk@shift=\dimen151
\pst@shift=\dimen152
\theoverlaybox=\box60
)
File: pstricks.tex 2005/10/25 v1.12 `PSTricks' (tvz)

(/usr/share/texmf-tetex/tex/latex/graphics/color.sty
Package: color 1999/02/16 v1.0i Standard LaTeX Color (DPC)

(/usr/share/texmf-tetex/tex/latex/graphics/color.cfg
File: color.cfg 2005/02/03 v1.3 color configuration of teTeX/TeXLive
)
Package color Info: Driver file: pdftex.def on input line 125.
))
(/home/pan/texmf/tex/latex/pstricks/pst-plot.sty
Package: pst-plot 2004/07/15 package wrapper for pst-plot.tex

(/home/pan/texmf/tex/generic/pstricks/pst-plot.tex  v97 patch 2, 1999/12/12
(/usr/share/texmf-tetex/tex/generic/multido/multido.tex
 v1.41, 2004/05/18 <tvz>
\multido@count=\count125
\multidocount=\count126
\multido@stuff=\toks33
))
File: pst-plot.tex 2004/05/18 1.41 `pst-plot' (tvz)
)
(/usr/share/texmf-tetex/tex/latex/pstricks/pst-math.sty
Package: pst-math 2004/03/20 package wrapper for PSTricks pst-math.tex

(/usr/share/texmf-tetex/tex/generic/pstricks/pst-math.tex
`pst-math' v0.2 (Rev 1.1, 2004-07-06 23:43:03+02), C.Jorssen))
(/home/pan/texmf/tex/latex/pstricks-add/pstricks-add.sty
Package: pstricks-add 2005/03/03 package wrapper for pstricks-add.tex (hv)

(/home/pan/texmf/tex/generic/pstricks/pstricks-add.tex
(/home/pan/texmf/tex/generic/pstricks/pst-node.tex  v97 patch 11, 2000/11/09
\psrow=\count127
\pscol=\count128
\psmatrixcnt=\count129
\psrowsep=\skip55
\pscolsep=\skip56
)
(/home/pan/texmf/tex/generic/xkeyval/pst-xkey.tex
File: pst-xkey.tex 2005/11/25 v1.6 PSTricks specialization of xkeyval (HA)

(/home/pan/texmf/tex/latex/xkeyval/xkeyval.sty
Package: xkeyval 2005/11/25 v2.5e package option processing (HA)

(/home/pan/texmf/tex/generic/xkeyval/xkeyval.tex
\XKV@toks=\toks34
\XKV@depth=\count130
File: xkeyval.tex 2005/11/25 v2.5e key=value parser (HA)
)))
`pstricks-add' v2.73b, 2005/12/22 (hv)
\pst@dimm=\dimen153
\pst@dimn=\dimen154
\pst@dimo=\dimen155
\pst@dimp=\dimen156
\pst@cntm=\count131
\pst@cntn=\count132
\pst@cnto=\count133
\pst@cntp=\count134
\@zero=\count135
\pst@braceWidth=\dimen157
\pshooklength=\dimen158
\pshookwidth=\dimen159
\pswBegin=\dimen160
\pswEnd=\dimen161
\@digitcounter=\count136
\psk@subticksize=\dimen162
\pst@xticksizeA=\dimen163
\pst@xticksizeB=\dimen164
\pst@xticksizeC=\dimen165
\pst@yticksizeA=\dimen166
\pst@yticksizeB=\dimen167
\pst@yticksizeC=\dimen168
\psk@llx=\dimen169
\psk@lly=\dimen170
\psk@urx=\dimen171
\psk@ury=\dimen172
\pst@xunit=\dimen173
\pst@yunit=\dimen174
\linecnt=\count137
)
File: pstricks-add.tex 2005/12/22 v2.73b `PSTricks-add' (hv)
)
(/home/pan/texmf/tex/latex/pstricks/pst-tree.sty
Package: pst-tree 2004/07/15 package wrapper for pst-tree.tex

(/home/pan/texmf/tex/generic/pstricks/pst-tree.tex  v97 patch 6, 2004/07/24
\pstree@rootbox=\box61
\pstree@box=\box62
\psnodecnt=\count138
\pstreelevel=\count139
\pstreecnt=\count140
\pstree@cnt=\count141
\pstree@stop=\count142
)
File: pst-tree.tex 2004/07/24 97 patch 6 `pst-tree' (tvz)
)
(/home/pan/texmf/tex/latex/pstricks/pst-eucl.sty
Package: pst-eucl 2005/05/14 package wrapper for PSTricks pst-eucl.tex

(/home/pan/texmf/tex/generic/pstricks/pst-eucl.tex
`PST-Euclide v1.3.2, 2005/05/14 (Dominique RODRIGUEZ)
 This version uses the pst-xkey package for managing parameters
 Please read the doc, some macros have a new syntax
 use option old for upward compatibility
(/home/pan/texmf/tex/generic/xkeyval/pst-xkey.tex)))
(/usr/share/texmf-tetex/tex/latex/pstricks/pst-3d.sty
Package: pst-3d 2004/07/15 package wrapper for pst-3d.tex

(/usr/share/texmf-tetex/tex/generic/pstricks/pst-3d.tex  v97, 1997/03/25)
File: pst-3d.tex 1997/03/25 97 `pst-3d' (tvz)
)
(/home/pan/texmf/tex/latex/pstricks/pst-node.sty
Package: pst-node 2004/07/15 package wrapper for pst-node.tex

(/home/pan/texmf/tex/generic/pstricks/pst-node.tex  v97 patch 11, 2000/11/09)
File: pst-node.tex 2000/11/09 97 patch 11 `pst-node' (tvz)
)
(/usr/share/texmf-tetex/tex/latex/fancyhdr/fancyhdr.sty
\fancy@headwidth=\skip57
\f@ncyO@elh=\skip58
\f@ncyO@erh=\skip59
\f@ncyO@olh=\skip60
\f@ncyO@orh=\skip61
\f@ncyO@elf=\skip62
\f@ncyO@erf=\skip63
\f@ncyO@olf=\skip64
\f@ncyO@orf=\skip65
)
(/usr/share/texmf-tetex/tex/latex/lastpage/lastpage.sty
Package: lastpage 1994/06/25 v0.1b LaTeX2e package for refs to last page number
 (JPG)
)
(/usr/share/texmf-tetex/tex/latex/floatflt/floatflt.sty
Package: floatflt 1997/07/16 v. 1.31
\c@OptionTest=\count143
\figbox=\box63
\tabbox=\box64
\pagebox=\box65
\ffigcount=\count144
\ftabcount=\count145
\fftest=\count146
\hangcount=\count147
\nosuccesstryfig=\count148
\nosuccesstrytab=\count149
\figgutter=\dimen175
\tabgutter=\dimen176
\htdone=\dimen177
\pageht=\dimen178
\startpageht=\dimen179
\tabbredd=\dimen180
\floatfltwidth=\dimen181
\fltitemwidth=\dimen182
\outputpretest=\toks35
)
(/usr/share/texmf-tetex/tex/latex/mflogo/mflogo.sty
Package: mflogo 1999/03/10 v2.0 LaTeX package for Metafont and MetaPost logos
)
(/usr/share/texmf-tetex/tex/latex/psnfss/pifont.sty
Package: pifont 2004/09/15 PSNFSS-v9.2 Pi font support (SPQR) 
LaTeX Font Info:    Try loading font information for U+pzd on input line 63.

(/usr/share/texmf-tetex/tex/latex/psnfss/upzd.fd
File: upzd.fd 2001/06/04 font definitions for U/pzd.
)
LaTeX Font Info:    Try loading font information for U+psy on input line 64.

(/usr/share/texmf-tetex/tex/latex/psnfss/upsy.fd
File: upsy.fd 2001/06/04 font definitions for U/psy.
))
(/home/pan/texmf/tex/latex/fcursive_latex/frcursive.sty
Package: frcursive 2004/02/01 v1.2 support package for French Cursive
\seyesThickness=\skip66
\seyes@box=\box66
\seyes@ln=\skip67
)
\c@exercice=\count150
\c@numeroexo=\count151
\c@lemme=\count152
\c@corollaire=\count153
\c@Def=\count154
\c@prop=\count155
\c@theo=\count156
\c@Aff=\count157
\longueur=\skip68
)
(/usr/share/texmf-tetex/tex/latex/geometry/geometry.sty
Package: geometry 2002/07/08 v3.2 Page Geometry
\Gm@cnth=\count158
\Gm@cntv=\count159
\c@Gm@tempcnt=\count160
\Gm@bindingoffset=\dimen183
\Gm@wd@mp=\dimen184
\Gm@odd@mp=\dimen185
\Gm@even@mp=\dimen186
\Gm@dimlist=\toks36

(/usr/share/texmf-tetex/tex/latex/geometry/geometry.cfg))
\c@CL=\count161

(./activite_meth_euler.aux)
\openout1 = `activite_meth_euler.aux'.

LaTeX Font Info:    Checking defaults for OML/cmm/m/it on input line 21.
LaTeX Font Info:    ... okay on input line 21.
LaTeX Font Info:    Checking defaults for T1/cmr/m/n on input line 21.
LaTeX Font Info:    ... okay on input line 21.
LaTeX Font Info:    Checking defaults for OT1/cmr/m/n on input line 21.
LaTeX Font Info:    ... okay on input line 21.
LaTeX Font Info:    Checking defaults for OMS/cmsy/m/n on input line 21.
LaTeX Font Info:    ... okay on input line 21.
LaTeX Font Info:    Checking defaults for OMX/cmex/m/n on input line 21.
LaTeX Font Info:    ... okay on input line 21.
LaTeX Font Info:    Checking defaults for U/cmr/m/n on input line 21.
LaTeX Font Info:    ... okay on input line 21.
LaTeX Font Info:    Checking defaults for TS1/cmr/m/n on input line 21.
LaTeX Font Info:    Try loading font information for TS1+cmr on input line 21.
 (/usr/share/texmf-tetex/tex/latex/base/ts1cmr.fd
File: ts1cmr.fd 1999/05/25 v2.5h Standard LaTeX font definitions
)
LaTeX Font Info:    ... okay on input line 21.
LaTeX Info: Redefining \dots on input line 21.

(/usr/share/texmf-tetex/tex/context/base/supp-pdf.tex
(/usr/share/texmf-tetex/tex/context/base/supp-mis.tex
loading : Context Support Macros / Miscellaneous (2004.10.26)
\protectiondepth=\count162
\scratchcounter=\count163
\scratchtoks=\toks37
\scratchdimen=\dimen187
\scratchskip=\skip69
\scratchmuskip=\muskip11
\scratchbox=\box67
\scratchread=\read2
\scratchwrite=\write4
\zeropoint=\dimen188
\onepoint=\dimen189
\onebasepoint=\dimen190
\minusone=\count164
\thousandpoint=\dimen191
\onerealpoint=\dimen192
\emptytoks=\toks38
\nextbox=\box68
\nextdepth=\dimen193
\everyline=\toks39
\!!counta=\count165
\!!countb=\count166
\recursecounter=\count167
)
loading : Context Support Macros / PDF (2004.03.26)
\nofMPsegments=\count168
\nofMParguments=\count169
\MPscratchCnt=\count170
\MPscratchDim=\dimen194
\MPnumerator=\count171
\everyMPtoPDFconversion=\toks40
)
-------------------- Geometry parameters
paper: a4paper
landscape: --
twocolumn: --
twoside: --
asymmetric: --
h-parts: 85.35826pt, 426.79134pt, 85.35828pt
v-parts: 73.97716pt, 697.09251pt, 73.97717pt
hmarginratio: 1:1
vmarginratio: 1:1
lines: --
heightrounded: --
bindingoffset: 0.0pt
truedimen: --
includehead: --
includefoot: --
includemp: --
driver: pdftex
-------------------- Page layout dimensions and switches
\paperwidth  597.50787pt
\paperheight 845.04684pt
\textwidth  426.79134pt
\textheight 697.09251pt
\oddsidemargin  13.08827pt
\evensidemargin 13.08827pt
\topmargin  -108.6511pt
\headheight 85.35826pt
\headsep    25.0pt
\footskip   30.0pt
\marginparwidth 0.0pt
\marginparsep   11.0pt
\columnsep  10.0pt
\skip\footins  9.0pt plus 4.0pt minus 2.0pt
\hoffset 0.0pt
\voffset 0.0pt
\mag 1000

(1in=72.27pt, 1cm=28.45pt)
-----------------------
LaTeX Font Info:    Try loading font information for U+msa on input line 38.
 (/usr/share/texmf-tetex/tex/latex/amsfonts/umsa.fd
File: umsa.fd 2002/01/19 v2.2g AMS font definitions
)
LaTeX Font Info:    Try loading font information for U+msb on input line 38.

(/usr/share/texmf-tetex/tex/latex/amsfonts/umsb.fd
File: umsb.fd 2002/01/19 v2.2g AMS font definitions
)
LaTeX Font Info:    Try loading font information for U+rsfs on input line 38.

(/usr/share/texmf-tetex/tex/latex/jknappen/ursfs.fd
File: ursfs.fd 1998/03/24 rsfs font definition file (jk)
)
Underfull \hbox (badness 10000) in paragraph at lines 45--60

 []

AED: lastpage setting LastPage
LaTeX Font Info:    Try loading font information for T1+cmtt on input line 122.

 (/usr/share/texmf-tetex/tex/latex/base/t1cmtt.fd
File: t1cmtt.fd 1999/05/25 v2.5h Standard LaTeX font definitions
) [1
Non-PDF special ignored!
Non-PDF special ignored!
Non-PDF special ignored!
Non-PDF special ignored!
Non-PDF special ignored!
Non-PDF special ignored!
Non-PDF special ignored!{/var/lib/texmf/fonts/map/pdftex/updmap/pdftex.map}

]
(./activite_meth_euler.aux) ) 
Here is how much of TeX's memory you used:
 7038 strings out of 94500
 88155 string characters out of 1175788
 206811 words of memory out of 1000000
 10019 multiletter control sequences out of 10000+50000
 15369 words of font info for 39 fonts, out of 500000 for 2000
 580 hyphenation exceptions out of 8191
 47i,16n,67p,409b,329s stack positions out of 1500i,500n,5000p,200000b,5000s
PDF statistics:
 38 PDF objects out of 300000
 0 named destinations out of 131072
 1 words of extra memory for PDF output out of 65536
 </var/cache/fonts/pk/ljfour/jknappen/ec/ectt0800.
600pk></usr/share/texmf-tetex/fonts/type1/urw/zapfding/uzdr.pfb> </var/cache/fo
nts/pk/ljfour/jknappen/ec/ecbx1000.600pk></usr/share/texmf-tetex/fonts/type1/bl
uesky/cm/cmmi7.pfb></usr/share/texmf-tetex/fonts/type1/bluesky/cm/cmr7.pfb> </v
ar/cache/fonts/pk/ljfour/jknappen/ec/ecti1000.600pk></usr/share/texmf-tetex/fon
ts/type1/bluesky/cm/cmsy10.pfb></usr/share/texmf-tetex/fonts/type1/bluesky/cm/c
mr10.pfb></usr/share/texmf-tetex/fonts/type1/bluesky/cm/cmsy7.pfb></usr/share/t
exmf-tetex/fonts/type1/bluesky/cm/cmex10.pfb></usr/share/texmf-tetex/fonts/type
1/bluesky/symbols/msbm10.pfb></usr/share/texmf-tetex/fonts/type1/bluesky/cm/cmm
i10.pfb> </var/cache/fonts/pk/ljfour/jknappen/ec/ecrm1000.600pk> </var/cache/fo
nts/pk/ljfour/jknappen/ec/ecbx1440.600pk> </var/cache/fonts/pk/ljfour/jknappen/
ec/ecsl0700.600pk> </var/cache/fonts/pk/ljfour/jknappen/ec/ecsl1000.600pk>
Output written on activite_meth_euler.pdf (1 page, 81520 bytes).
