This is pdfeTeX, Version 3.141592-1.21a-2.2 (Web2C 7.5.4) (format=latex 2007.1.22)  1 JUL 2007 01:36
entering extended mode
**\nonstopmode\input{AA_modele_fiche_exo.tex}
(./AA_modele_fiche_exo.tex (/usr/share/texmf-tetex/tex/latex/base/report.cls
Document Class: report 2004/02/16 v1.4f Standard LaTeX document class
(/usr/share/texmf-tetex/tex/latex/base/size10.clo
File: size10.clo 2004/02/16 v1.4f Standard LaTeX file (size option)
)
\c@part=\count79
\c@chapter=\count80
\c@section=\count81
\c@subsection=\count82
\c@subsubsection=\count83
\c@paragraph=\count84
\c@subparagraph=\count85
\c@figure=\count86
\c@table=\count87
\abovecaptionskip=\skip41
\belowcaptionskip=\skip42
\bibindent=\dimen102
)
(/home/pan/texmf/tex/latex/panpan/pan/pan_pan.sty
(/usr/share/texmf-tetex/tex/latex/base/fontenc.sty
Package: fontenc 2004/02/22 v1.99f Standard LaTeX package

(/usr/share/texmf-tetex/tex/latex/base/t1enc.def
File: t1enc.def 2004/02/22 v1.99f Standard LaTeX file
LaTeX Font Info:    Redeclaring font encoding T1 on input line 43.
))
(/usr/share/texmf-tetex/tex/latex/base/inputenc.sty
Package: inputenc 2004/02/05 v1.0d Input encoding file

(/usr/share/texmf-tetex/tex/latex/base/latin1.def
File: latin1.def 2004/02/05 v1.0d Input encoding file
))
(/usr/share/texmf-tetex/tex/generic/babel/babel.sty
Package: babel 2004/11/20 v3.8d The Babel package

(/usr/share/texmf-tetex/tex/generic/babel/frenchb.ldf
Language: french 2004/04/02 v1.6f French support from the babel system

(/usr/share/texmf-tetex/tex/generic/babel/babel.def
File: babel.def 2004/11/20 v3.8d Babel common definitions
\babel@savecnt=\count88
\U@D=\dimen103
)
Package babel Info: Making : an active character on input line 219.
Package babel Info: Making ; an active character on input line 220.
Package babel Info: Making ! an active character on input line 221.
Package babel Info: Making ? an active character on input line 222.
\parindentFFN=\dimen104
\std@mcc=\count89
\dec@mcc=\count90

*************************************
* Local config file frenchb.cfg used
*
(/usr/share/texmf-tetex/tex/generic/babel/frenchb.cfg)))
(/usr/share/texmf-tetex/tex/latex/tools/verbatim.sty
Package: verbatim 2003/08/22 v1.5q LaTeX2e package for verbatim enhancements
\every@verbatim=\toks14
\verbatim@line=\toks15
\verbatim@in@stream=\read1
)
(/usr/share/texmf-tetex/tex/latex/base/ifthen.sty
Package: ifthen 2001/05/26 v1.1c Standard LaTeX ifthen package (DPC)
)
(/usr/share/texmf-tetex/tex/latex/base/textcomp.sty
Package: textcomp 2004/02/22 v1.99f Standard LaTeX package
Package textcomp Info: Sub-encoding information:
(textcomp)               5 = only ISO-Adobe without \textcurrency
(textcomp)               4 = 5 + \texteuro
(textcomp)               3 = 4 + \textohm
(textcomp)               2 = 3 + \textestimated + \textcurrency
(textcomp)               1 = TS1 - \textcircled - \t
(textcomp)               0 = TS1 (full)
(textcomp)             Font families with sub-encoding setting implement
(textcomp)             only a restricted character set as indicated.
(textcomp)             Family '?' is the default used for unknown fonts.
(textcomp)             See the documentation for details.
Package textcomp Info: Setting ? sub-encoding to TS1/1 on input line 71.

(/usr/share/texmf-tetex/tex/latex/base/ts1enc.def
File: ts1enc.def 2001/06/05 v3.0e (jk/car/fm) Standard LaTeX file
)
LaTeX Info: Redefining \oldstylenums on input line 266.
Package textcomp Info: Setting cmr sub-encoding to TS1/0 on input line 281.
Package textcomp Info: Setting cmss sub-encoding to TS1/0 on input line 282.
Package textcomp Info: Setting cmtt sub-encoding to TS1/0 on input line 283.
Package textcomp Info: Setting cmvtt sub-encoding to TS1/0 on input line 284.
Package textcomp Info: Setting cmbr sub-encoding to TS1/0 on input line 285.
Package textcomp Info: Setting cmtl sub-encoding to TS1/0 on input line 286.
Package textcomp Info: Setting ccr sub-encoding to TS1/0 on input line 287.
Package textcomp Info: Setting ptm sub-encoding to TS1/4 on input line 288.
Package textcomp Info: Setting pcr sub-encoding to TS1/4 on input line 289.
Package textcomp Info: Setting phv sub-encoding to TS1/4 on input line 290.
Package textcomp Info: Setting ppl sub-encoding to TS1/3 on input line 291.
Package textcomp Info: Setting pag sub-encoding to TS1/4 on input line 292.
Package textcomp Info: Setting pbk sub-encoding to TS1/4 on input line 293.
Package textcomp Info: Setting pnc sub-encoding to TS1/4 on input line 294.
Package textcomp Info: Setting pzc sub-encoding to TS1/4 on input line 295.
Package textcomp Info: Setting bch sub-encoding to TS1/4 on input line 296.
Package textcomp Info: Setting put sub-encoding to TS1/5 on input line 297.
Package textcomp Info: Setting uag sub-encoding to TS1/5 on input line 298.
Package textcomp Info: Setting ugq sub-encoding to TS1/5 on input line 299.
Package textcomp Info: Setting ul8 sub-encoding to TS1/4 on input line 300.
Package textcomp Info: Setting ul9 sub-encoding to TS1/4 on input line 301.
Package textcomp Info: Setting augie sub-encoding to TS1/5 on input line 302.
Package textcomp Info: Setting dayrom sub-encoding to TS1/3 on input line 303.
Package textcomp Info: Setting dayroms sub-encoding to TS1/3 on input line 304.

Package textcomp Info: Setting pxr sub-encoding to TS1/0 on input line 305.
Package textcomp Info: Setting pxss sub-encoding to TS1/0 on input line 306.
Package textcomp Info: Setting pxtt sub-encoding to TS1/0 on input line 307.
Package textcomp Info: Setting txr sub-encoding to TS1/0 on input line 308.
Package textcomp Info: Setting txss sub-encoding to TS1/0 on input line 309.
Package textcomp Info: Setting txtt sub-encoding to TS1/0 on input line 310.
Package textcomp Info: Setting futs sub-encoding to TS1/4 on input line 311.
Package textcomp Info: Setting futx sub-encoding to TS1/4 on input line 312.
Package textcomp Info: Setting futj sub-encoding to TS1/4 on input line 313.
Package textcomp Info: Setting hlh sub-encoding to TS1/3 on input line 314.
Package textcomp Info: Setting hls sub-encoding to TS1/3 on input line 315.
Package textcomp Info: Setting hlst sub-encoding to TS1/3 on input line 316.
Package textcomp Info: Setting hlct sub-encoding to TS1/5 on input line 317.
Package textcomp Info: Setting hlx sub-encoding to TS1/5 on input line 318.
Package textcomp Info: Setting hlce sub-encoding to TS1/5 on input line 319.
Package textcomp Info: Setting hlcn sub-encoding to TS1/5 on input line 320.
Package textcomp Info: Setting hlcw sub-encoding to TS1/5 on input line 321.
Package textcomp Info: Setting hlcf sub-encoding to TS1/5 on input line 322.
Package textcomp Info: Setting pplx sub-encoding to TS1/3 on input line 323.
Package textcomp Info: Setting pplj sub-encoding to TS1/3 on input line 324.
Package textcomp Info: Setting ptmx sub-encoding to TS1/4 on input line 325.
Package textcomp Info: Setting ptmj sub-encoding to TS1/4 on input line 326.
)
(/usr/share/texmf-tetex/tex/latex/graphics/graphicx.sty
Package: graphicx 1999/02/16 v1.0f Enhanced LaTeX Graphics (DPC,SPQR)

(/usr/share/texmf-tetex/tex/latex/graphics/keyval.sty
Package: keyval 1999/03/16 v1.13 key=value parser (DPC)
\KV@toks@=\toks16
)
(/usr/share/texmf-tetex/tex/latex/graphics/graphics.sty
Package: graphics 2001/07/07 v1.0n Standard LaTeX Graphics (DPC,SPQR)

(/usr/share/texmf-tetex/tex/latex/graphics/trig.sty
Package: trig 1999/03/16 v1.09 sin cos tan (DPC)
)
(/usr/share/texmf-tetex/tex/latex/graphics/graphics.cfg
File: graphics.cfg 2005/02/03 v1.3 graphics configuration of teTeX/TeXLive
)
Package graphics Info: Driver file: dvips.def on input line 80.

(/usr/share/texmf-tetex/tex/latex/graphics/dvips.def
File: dvips.def 1999/02/16 v3.0i Driver-dependant file (DPC,SPQR)
))
\Gin@req@height=\dimen105
\Gin@req@width=\dimen106
)
(/usr/share/texmf-tetex/tex/latex/psfrag/psfrag.sty
Package: psfrag 1998/04/11 v3.04 PSfrag (MCG)
\pfg@pcount=\count91
\pfg@scount=\count92
\pfg@temp=\write3
)
(/usr/share/texmf-tetex/tex/latex/graphics/epsfig.sty
Package: epsfig 1999/02/16 v1.7a (e)psfig emulation (SPQR)
\epsfxsize=\dimen107
\epsfysize=\dimen108
)
(/home/pan/texmf/tex/latex/tarass/slashbox.sty
slashbox style by K.Yasuoka, May 1993.
\@slashboxa=\box26
\@slashboxb=\box27
\@slashboxc=\box28
\@slashboxwd=\count93
\@slashboxht=\count94
\@slashsepl=\dimen109
\@slashsepr=\dimen110
) (/usr/share/texmf-tetex/tex/latex/multirow/multirow.sty
\bigstrutjot=\dimen111
)
(/usr/share/texmf-tetex/tex/latex/tools/tabularx.sty
Package: tabularx 1999/01/07 v2.07 `tabularx' package (DPC)

(/usr/share/texmf-tetex/tex/latex/tools/array.sty
Package: array 2003/12/17 v2.4a Tabular extension package (FMi)
\col@sep=\dimen112
\extrarowheight=\dimen113
\NC@list=\toks17
\extratabsurround=\skip43
\backup@length=\skip44
)
\TX@col@width=\dimen114
\TX@old@table=\dimen115
\TX@old@col=\dimen116
\TX@target=\dimen117
\TX@delta=\dimen118
\TX@cols=\count95
\TX@ftn=\toks18
)
(/usr/share/texmf-tetex/tex/latex/tools/multicol.sty
Package: multicol 2004/02/14 v1.6e multicolumn formatting (FMi)
\c@tracingmulticols=\count96
\mult@box=\box29
\multicol@leftmargin=\dimen119
\c@unbalance=\count97
\c@collectmore=\count98
\doublecol@number=\count99
\multicoltolerance=\count100
\multicolpretolerance=\count101
\full@width=\dimen120
\page@free=\dimen121
\premulticols=\dimen122
\postmulticols=\dimen123
\multicolsep=\skip45
\multicolbaselineskip=\skip46
\partial@page=\box30
\last@line=\box31
\mult@rightbox=\box32
\mult@grightbox=\box33
\mult@gfirstbox=\box34
\mult@firstbox=\box35
\@tempa=\box36
\@tempa=\box37
\@tempa=\box38
\@tempa=\box39
\@tempa=\box40
\@tempa=\box41
\@tempa=\box42
\@tempa=\box43
\@tempa=\box44
\@tempa=\box45
\@tempa=\box46
\@tempa=\box47
\@tempa=\box48
\@tempa=\box49
\@tempa=\box50
\@tempa=\box51
\@tempa=\box52
\c@columnbadness=\count102
\c@finalcolumnbadness=\count103
\last@try=\dimen124
\multicolovershoot=\dimen125
\multicolundershoot=\dimen126
\mult@nat@firstbox=\box53
\colbreak@box=\box54
)
(/usr/share/texmf-tetex/tex/latex/amsmath/amsmath.sty
Package: amsmath 2000/07/18 v2.13 AMS math features
\@mathmargin=\skip47

For additional information on amsmath, use the `?' option.
(/usr/share/texmf-tetex/tex/latex/amsmath/amstext.sty
Package: amstext 2000/06/29 v2.01

(/usr/share/texmf-tetex/tex/latex/amsmath/amsgen.sty
File: amsgen.sty 1999/11/30 v2.0
\@emptytoks=\toks19
\ex@=\dimen127
))
(/usr/share/texmf-tetex/tex/latex/amsmath/amsbsy.sty
Package: amsbsy 1999/11/29 v1.2d
\pmbraise@=\dimen128
)
(/usr/share/texmf-tetex/tex/latex/amsmath/amsopn.sty
Package: amsopn 1999/12/14 v2.01 operator names
)
\inf@bad=\count104
LaTeX Info: Redefining \frac on input line 211.
\uproot@=\count105
\leftroot@=\count106
LaTeX Info: Redefining \overline on input line 307.
\classnum@=\count107
\DOTSCASE@=\count108
LaTeX Info: Redefining \ldots on input line 379.
LaTeX Info: Redefining \dots on input line 382.
LaTeX Info: Redefining \cdots on input line 467.
\Mathstrutbox@=\box55
\strutbox@=\box56
\big@size=\dimen129
LaTeX Font Info:    Redeclaring font encoding OML on input line 567.
LaTeX Font Info:    Redeclaring font encoding OMS on input line 568.
\macc@depth=\count109
\c@MaxMatrixCols=\count110
\dotsspace@=\muskip10
\c@parentequation=\count111
\dspbrk@lvl=\count112
\tag@help=\toks20
\row@=\count113
\column@=\count114
\maxfields@=\count115
\andhelp@=\toks21
\eqnshift@=\dimen130
\alignsep@=\dimen131
\tagshift@=\dimen132
\tagwidth@=\dimen133
\totwidth@=\dimen134
\lineht@=\dimen135
\@envbody=\toks22
\multlinegap=\skip48
\multlinetaggap=\skip49
\mathdisplay@stack=\toks23
LaTeX Info: Redefining \[ on input line 2666.
LaTeX Info: Redefining \] on input line 2667.
)
(/usr/share/texmf-tetex/tex/latex/amsfonts/amsfonts.sty
Package: amsfonts 2001/10/25 v2.2f
\symAMSa=\mathgroup4
\symAMSb=\mathgroup5
LaTeX Font Info:    Overwriting math alphabet `\mathfrak' in version `bold'
(Font)                  U/euf/m/n --> U/euf/b/n on input line 132.
)
(/usr/share/texmf-tetex/tex/latex/jknappen/mathrsfs.sty
Package: mathrsfs 1996/01/01 Math RSFS package v1.0 (jk)
\symrsfs=\mathgroup6
)
(/usr/share/texmf-tetex/tex/latex/amsfonts/amssymb.sty
Package: amssymb 2002/01/22 v2.2d
)
(/usr/share/texmf-tetex/tex/latex/amscls/amsthm.sty
Package: amsthm 2004/08/06 v2.20
\thm@style=\toks24
\thm@bodyfont=\toks25
\thm@headfont=\toks26
\thm@notefont=\toks27
\thm@headpunct=\toks28
\thm@preskip=\skip50
\thm@postskip=\skip51
\thm@headsep=\skip52
\dth@everypar=\toks29
)
(/usr/share/texmf-tetex/tex/latex/eurosym/eurosym.sty
Package: eurosym 1998/08/06 v1.1 European currency symbol ``Euro''
\@eurobox=\box57
)
(/home/pan/texmf/tex/latex/pstricks/pstricks.sty
Package: pstricks 2005/10/07 v0.25 LaTeX wrapper for `PSTricks' (RN,HV)

(/home/pan/texmf/tex/generic/pstricks/pstricks.tex
`PSTricks' v1.12  <2005/10/25> (tvz)
\pst@dima=\dimen136
\pst@dimb=\dimen137
\pst@dimc=\dimen138
\pst@dimd=\dimen139
\pst@dimg=\dimen140
\pst@dimh=\dimen141
\pst@hbox=\box58
\pst@boxg=\box59
\pst@cnta=\count116
\pst@cntb=\count117
\pst@cntc=\count118
\pst@cntd=\count119
\pst@cntg=\count120
\pst@cnth=\count121
\pst@toks=\toks30
(/home/pan/texmf/tex/generic/pstricks/pstricks.con)
\psunit=\dimen142
\psxunit=\dimen143
\psyunit=\dimen144
\pslinewidth=\dimen145
\pst@customdefs=\toks31
\pslinearc=\dimen146
\everypsbox=\toks32
\psframesep=\dimen147
\pslabelsep=\dimen148
\psk@shift=\dimen149
\pst@shift=\dimen150
\theoverlaybox=\box60
)
File: pstricks.tex 2005/10/25 v1.12 `PSTricks' (tvz)

(/usr/share/texmf-tetex/tex/latex/graphics/color.sty
Package: color 1999/02/16 v1.0i Standard LaTeX Color (DPC)

(/usr/share/texmf-tetex/tex/latex/graphics/color.cfg
File: color.cfg 2005/02/03 v1.3 color configuration of teTeX/TeXLive
)
Package color Info: Driver file: dvips.def on input line 125.

(/usr/share/texmf-tetex/tex/latex/graphics/dvipsnam.def
File: dvipsnam.def 1999/02/16 v3.0i Driver-dependant file (DPC,SPQR)
)))
(/home/pan/texmf/tex/latex/pstricks/pst-plot.sty
Package: pst-plot 2004/07/15 package wrapper for pst-plot.tex

(/home/pan/texmf/tex/generic/pstricks/pst-plot.tex  v97 patch 2, 1999/12/12
(/usr/share/texmf-tetex/tex/generic/multido/multido.tex
 v1.41, 2004/05/18 <tvz>
\multido@count=\count122
\multidocount=\count123
\multido@stuff=\toks33
))
File: pst-plot.tex 2004/05/18 1.41 `pst-plot' (tvz)
)
(/usr/share/texmf-tetex/tex/latex/pstricks/pst-math.sty
Package: pst-math 2004/03/20 package wrapper for PSTricks pst-math.tex

(/usr/share/texmf-tetex/tex/generic/pstricks/pst-math.tex
`pst-math' v0.2 (Rev 1.1, 2004-07-06 23:43:03+02), C.Jorssen))
(/home/pan/texmf/tex/latex/pstricks-add/pstricks-add.sty
Package: pstricks-add 2005/03/03 package wrapper for pstricks-add.tex (hv)

(/home/pan/texmf/tex/generic/pstricks/pstricks-add.tex
(/home/pan/texmf/tex/generic/pstricks/pst-node.tex  v97 patch 11, 2000/11/09
\psrow=\count124
\pscol=\count125
\psmatrixcnt=\count126
\psrowsep=\skip53
\pscolsep=\skip54
)
(/home/pan/texmf/tex/generic/xkeyval/pst-xkey.tex
File: pst-xkey.tex 2005/11/25 v1.6 PSTricks specialization of xkeyval (HA)

(/home/pan/texmf/tex/latex/xkeyval/xkeyval.sty
Package: xkeyval 2005/11/25 v2.5e package option processing (HA)

(/home/pan/texmf/tex/generic/xkeyval/xkeyval.tex
\XKV@toks=\toks34
\XKV@depth=\count127
File: xkeyval.tex 2005/11/25 v2.5e key=value parser (HA)
)))
`pstricks-add' v2.73b, 2005/12/22 (hv)
\pst@dimm=\dimen151
\pst@dimn=\dimen152
\pst@dimo=\dimen153
\pst@dimp=\dimen154
\pst@cntm=\count128
\pst@cntn=\count129
\pst@cnto=\count130
\pst@cntp=\count131
\@zero=\count132
\pst@braceWidth=\dimen155
\pshooklength=\dimen156
\pshookwidth=\dimen157
\pswBegin=\dimen158
\pswEnd=\dimen159
\@digitcounter=\count133
\psk@subticksize=\dimen160
\pst@xticksizeA=\dimen161
\pst@xticksizeB=\dimen162
\pst@xticksizeC=\dimen163
\pst@yticksizeA=\dimen164
\pst@yticksizeB=\dimen165
\pst@yticksizeC=\dimen166
\psk@llx=\dimen167
\psk@lly=\dimen168
\psk@urx=\dimen169
\psk@ury=\dimen170
\pst@xunit=\dimen171
\pst@yunit=\dimen172
\linecnt=\count134
)
File: pstricks-add.tex 2005/12/22 v2.73b `PSTricks-add' (hv)
)
(/home/pan/texmf/tex/latex/pstricks/pst-tree.sty
Package: pst-tree 2004/07/15 package wrapper for pst-tree.tex

(/home/pan/texmf/tex/generic/pstricks/pst-tree.tex  v97 patch 6, 2004/07/24
\pstree@rootbox=\box61
\pstree@box=\box62
\psnodecnt=\count135
\pstreelevel=\count136
\pstreecnt=\count137
\pstree@cnt=\count138
\pstree@stop=\count139
)
File: pst-tree.tex 2004/07/24 97 patch 6 `pst-tree' (tvz)
)
(/home/pan/texmf/tex/latex/pstricks/pst-node.sty
Package: pst-node 2004/07/15 package wrapper for pst-node.tex

(/home/pan/texmf/tex/generic/pstricks/pst-node.tex  v97 patch 11, 2000/11/09)
File: pst-node.tex 2000/11/09 97 patch 11 `pst-node' (tvz)
)
(/usr/share/texmf-tetex/tex/latex/fancyhdr/fancyhdr.sty
\fancy@headwidth=\skip55
\f@ncyO@elh=\skip56
\f@ncyO@erh=\skip57
\f@ncyO@olh=\skip58
\f@ncyO@orh=\skip59
\f@ncyO@elf=\skip60
\f@ncyO@erf=\skip61
\f@ncyO@olf=\skip62
\f@ncyO@orf=\skip63
)
(/usr/share/texmf-tetex/tex/latex/lastpage/lastpage.sty
Package: lastpage 1994/06/25 v0.1b LaTeX2e package for refs to last page number
 (JPG)
)
(/usr/share/texmf-tetex/tex/latex/floatflt/floatflt.sty
Package: floatflt 1997/07/16 v. 1.31
\c@OptionTest=\count140
\figbox=\box63
\tabbox=\box64
\pagebox=\box65
\ffigcount=\count141
\ftabcount=\count142
\fftest=\count143
\hangcount=\count144
\nosuccesstryfig=\count145
\nosuccesstrytab=\count146
\figgutter=\dimen173
\tabgutter=\dimen174
\htdone=\dimen175
\pageht=\dimen176
\startpageht=\dimen177
\tabbredd=\dimen178
\floatfltwidth=\dimen179
\fltitemwidth=\dimen180
\outputpretest=\toks35
)
(/usr/share/texmf-tetex/tex/latex/mflogo/mflogo.sty
Package: mflogo 1999/03/10 v2.0 LaTeX package for Metafont and MetaPost logos
)
\c@exercice=\count147
\c@numeroexo=\count148
\c@Aff=\count149
\c@lemme=\count150
\c@corollaire=\count151
\c@Def=\count152
\c@prop=\count153
\c@theo=\count154
\c@exo=\count155
)
(/usr/share/texmf-tetex/tex/latex/geometry/geometry.sty
Package: geometry 2002/07/08 v3.2 Page Geometry
\Gm@cnth=\count156
\Gm@cntv=\count157
\c@Gm@tempcnt=\count158
\Gm@bindingoffset=\dimen181
\Gm@wd@mp=\dimen182
\Gm@odd@mp=\dimen183
\Gm@even@mp=\dimen184
\Gm@dimlist=\toks36

(/usr/share/texmf-tetex/tex/latex/geometry/geometry.cfg))

LaTeX Warning: Unused global option(s):
    [chemtex].

(./AA_modele_fiche_exo.aux)
\openout1 = `AA_modele_fiche_exo.aux'.

LaTeX Font Info:    Checking defaults for OML/cmm/m/it on input line 12.
LaTeX Font Info:    ... okay on input line 12.
LaTeX Font Info:    Checking defaults for T1/cmr/m/n on input line 12.
LaTeX Font Info:    ... okay on input line 12.
LaTeX Font Info:    Checking defaults for OT1/cmr/m/n on input line 12.
LaTeX Font Info:    ... okay on input line 12.
LaTeX Font Info:    Checking defaults for OMS/cmsy/m/n on input line 12.
LaTeX Font Info:    ... okay on input line 12.
LaTeX Font Info:    Checking defaults for OMX/cmex/m/n on input line 12.
LaTeX Font Info:    ... okay on input line 12.
LaTeX Font Info:    Checking defaults for U/cmr/m/n on input line 12.
LaTeX Font Info:    ... okay on input line 12.
LaTeX Font Info:    Checking defaults for TS1/cmr/m/n on input line 12.
LaTeX Font Info:    Try loading font information for TS1+cmr on input line 12.
 (/usr/share/texmf-tetex/tex/latex/base/ts1cmr.fd
File: ts1cmr.fd 1999/05/25 v2.5h Standard LaTeX font definitions
)
LaTeX Font Info:    ... okay on input line 12.
LaTeX Info: Redefining \dots on input line 12.
-------------------- Geometry parameters
paper: a4paper
landscape: --
twocolumn: --
twoside: --
asymmetric: --
h-parts: 85.35826pt, 426.79134pt, 85.35828pt
v-parts: 69.52342pt, 706.0pt, 69.52342pt
hmarginratio: 1:1
vmarginratio: 1:1
lines: 59
heightrounded: --
bindingoffset: 0.0pt
truedimen: --
includehead: --
includefoot: --
includemp: --
driver: 
-------------------- Page layout dimensions and switches
\paperwidth  597.50787pt
\paperheight 845.04684pt
\textwidth  426.79134pt
\textheight 706.0pt
\oddsidemargin  13.08827pt
\evensidemargin 13.08827pt
\topmargin  -113.10483pt
\headheight 85.35826pt
\headsep    25.0pt
\footskip   30.0pt
\marginparwidth 0.0pt
\marginparsep   11.0pt
\columnsep  10.0pt
\skip\footins  9.0pt plus 4.0pt minus 2.0pt
\hoffset 0.0pt
\voffset 0.0pt
\mag 1000

(1in=72.27pt, 1cm=28.45pt)
-----------------------

! Undefined control sequence.
l.13 \textfont1=\tenrm
                      
The control sequence at the end of the top line
of your error message was never \def'ed. If you have
misspelled it (e.g., `\hobx'), type `I' and the correct
spelling (e.g., `I\hbox'). Otherwise just continue,
and I'll forget about whatever was undefined.

! Undefined control sequence.
l.14 \initial
             
The control sequence at the end of the top line
of your error message was never \def'ed. If you have
misspelled it (e.g., `\hobx'), type `I' and the correct
spelling (e.g., `I\hbox'). Otherwise just continue,
and I'll forget about whatever was undefined.

! Missing font identifier.
<to be read again> 
                   \let 
l.18 \lfoot
           {} % si commenté donne \footnotesize{Prof. \bsc{Pantaloni} \copyr...
I was looking for a control sequence whose
current meaning has been defined by \font.

LaTeX Font Info:    Try loading font information for U+logo on input line 23.
(/usr/share/texmf-tetex/tex/latex/mflogo/ulogo.fd
File: ulogo.fd 1999/03/10 v2.0 LaTeX font defs for Metafont and MetaPost logos
)
! Missing number, treated as zero.
<to be read again> 
                   \setbox 
l.26 \ethene
            {CH_3}{CH_3}{CH_3}{CH_3}
A number should have been here; I inserted `0'.
(If you can't figure out why I needed to see a number,
look up `weird error' in the index to The TeXbook.)

! Illegal unit of measure (pt inserted).
<to be read again> 
                   \setbox 
l.26 \ethene
            {CH_3}{CH_3}{CH_3}{CH_3}
Dimensions can be in units of em, ex, in, pt, pc,
cm, mm, dd, cc, bp, or sp; but yours is a new one!
I'll assume that you meant to say pt, for printer's points.
To recover gracefully from this error, it's best to
delete the erroneous units; e.g., type `2' to delete
two letters. (See Chapter 27 of The TeXbook.)

! Missing { inserted.
<to be read again> 
                   \unitlength 
l.26 \ethene
            {CH_3}{CH_3}{CH_3}{CH_3}
A left brace was mandatory here, so I've put one in.
You might want to delete and/or insert some corrections
so that I will find a matching right brace soon.
(If you're confused by all this, try typing `I}' now.)

! Missing number, treated as zero.
<to be read again> 
                   \bgroup 
l.26 \ethene
            {CH_3}{CH_3}{CH_3}{CH_3}
A number should have been here; I inserted `0'.
(If you can't figure out why I needed to see a number,
look up `weird error' in the index to The TeXbook.)

! Illegal unit of measure (pt inserted).
<to be read again> 
                   \bgroup 
l.26 \ethene
            {CH_3}{CH_3}{CH_3}{CH_3}
Dimensions can be in units of em, ex, in, pt, pc,
cm, mm, dd, cc, bp, or sp; but yours is a new one!
I'll assume that you meant to say pt, for printer's points.
To recover gracefully from this error, it's best to
delete the erroneous units; e.g., type `2' to delete
two letters. (See Chapter 27 of The TeXbook.)

! Undefined control sequence.
<recently read> \ethene 
                        
l.26 \ethene
            {CH_3}{CH_3}{CH_3}{CH_3}
The control sequence at the end of the top line
of your error message was never \def'ed. If you have
misspelled it (e.g., `\hobx'), type `I' and the correct
spelling (e.g., `I\hbox'). Otherwise just continue,
and I'll forget about whatever was undefined.

! Missing $ inserted.
<inserted text> 
                $
l.26 \ethene{CH_
                3}{CH_3}{CH_3}{CH_3}
I've inserted a begin-math/end-math symbol since I think
you left one out. Proceed, with fingers crossed.

LaTeX Font Info:    Try loading font information for U+msa on input line 26.
(/usr/share/texmf-tetex/tex/latex/amsfonts/umsa.fd
File: umsa.fd 2002/01/19 v2.2g AMS font definitions
)
LaTeX Font Info:    Try loading font information for U+msb on input line 26.

(/usr/share/texmf-tetex/tex/latex/amsfonts/umsb.fd
File: umsb.fd 2002/01/19 v2.2g AMS font definitions
)
LaTeX Font Info:    Try loading font information for U+rsfs on input line 26.

(/usr/share/texmf-tetex/tex/latex/jknappen/ursfs.fd
File: ursfs.fd 1998/03/24 rsfs font definition file (jk)
)
! Extra }, or forgotten $.
l.26 \ethene{CH_3}
                  {CH_3}{CH_3}{CH_3}
I've deleted a group-closing symbol because it seems to be
spurious, as in `$x}$'. But perhaps the } is legitimate and
you forgot something else, as in `\hbox{$x}'. In such cases
the way to recover is to insert both the forgotten and the
deleted material, e.g., by typing `I$}'.

! Extra }, or forgotten $.
\endpicture ->\egroup 
                      \hss \egroup \ht \@picbox \@picht \dp \@picbox \z@ \mb...
l.27 \end{picture}
                  
I've deleted a group-closing symbol because it seems to be
spurious, as in `$x}$'. But perhaps the } is legitimate and
you forgot something else, as in `\hbox{$x}'. In such cases
the way to recover is to insert both the forgotten and the
deleted material, e.g., by typing `I$}'.

! Extra }, or forgotten $.
\endpicture ->\egroup \hss \egroup 
                                   \ht \@picbox \@picht \dp \@picbox \z@ \mb...
l.27 \end{picture}
                  
I've deleted a group-closing symbol because it seems to be
spurious, as in `$x}$'. But perhaps the } is legitimate and
you forgot something else, as in `\hbox{$x}'. In such cases
the way to recover is to insert both the forgotten and the
deleted material, e.g., by typing `I$}'.

! Missing $ inserted.
<inserted text> 
                $
l.27 \end{picture}
                  
I've inserted something that you may have forgotten.
(See the <inserted text> above.)
With luck, this will get me unwedged. But if you
really didn't forget anything, try typing `2' now; then
my insertion and my current dilemma will both disappear.

! Missing } inserted.
<inserted text> 
                }
l.27 \end{picture}
                  
I've inserted something that you may have forgotten.
(See the <inserted text> above.)
With luck, this will get me unwedged. But if you
really didn't forget anything, try typing `2' now; then
my insertion and my current dilemma will both disappear.

! Missing } inserted.
<inserted text> 
                }
l.27 \end{picture}
                  
I've inserted something that you may have forgotten.
(See the <inserted text> above.)
With luck, this will get me unwedged. But if you
really didn't forget anything, try typing `2' now; then
my insertion and my current dilemma will both disappear.

! Missing } inserted.
<inserted text> 
                }
l.27 \end{picture}
                  
I've inserted something that you may have forgotten.
(See the <inserted text> above.)
With luck, this will get me unwedged. But if you
really didn't forget anything, try typing `2' now; then
my insertion and my current dilemma will both disappear.

! Missing } inserted.
<inserted text> 
                }
l.27 \end{picture}
                  
I've inserted something that you may have forgotten.
(See the <inserted text> above.)
With luck, this will get me unwedged. But if you
really didn't forget anything, try typing `2' now; then
my insertion and my current dilemma will both disappear.


Underfull \hbox (badness 10000) detected at line 27
 []
 []

AED: lastpage setting LastPage [1

] (./AA_modele_fiche_exo.aux) ) 
Here is how much of TeX's memory you used:
 6369 strings out of 94501
 79067 string characters out of 1175811
 182014 words of memory out of 1000000
 9396 multiletter control sequences out of 10000+50000
 6640 words of font info for 27 fonts, out of 500000 for 2000
 580 hyphenation exceptions out of 8191
 47i,5n,67p,323b,147s stack positions out of 1500i,500n,5000p,200000b,5000s

Output written on AA_modele_fiche_exo.dvi (1 page, 492 bytes).
